<Event><System><Provider Name="Microsoft-Windows-Security-Auditing"/><EventID>4624</EventID><Level>4</Level><EventRecordID>1</EventRecordID><TimeCreated SystemTime="2026-03-24T10:00:00.000Z"/><Computer>LAB-01</Computer></System><EventData><Data Name="TargetUserName">analyst</Data></EventData></Event>
<Event><System><Provider Name="Microsoft-Windows-Security-Auditing"/><EventID>4625</EventID><Level>4</Level><EventRecordID>2</EventRecordID><TimeCreated SystemTime="2026-03-24T10:01:00.000Z"/><Computer>LAB-01</Computer></System><EventData><Data Name="Status">0xC000006D</Data><Data Name="TargetUserName">analyst</Data></EventData></Event>
<Event><System><Provider Name="Microsoft-Windows-Security-Auditing"/><EventID>4688</EventID><Level>4</Level><EventRecordID>3</EventRecordID><TimeCreated SystemTime="2026-03-24T10:02:00.000Z"/><Computer>LAB-01</Computer></System><EventData><Data Name="NewProcessName">C:\Windows\System32\cmd.exe</Data><Data Name="SubjectUserName">analyst</Data></EventData></Event>